<?xml version="1.0" encoding="UTF-8"?>
<testsuite name="roman.numerals.converter.RomanNumeralsConverterTest" tests="1" skipped="0" failures="0" errors="0" timestamp="2016-10-11T21:03:45" hostname="nampai.local" time="0.001">
  <properties/>
  <testcase name="placeholder_test" classname="roman.numerals.converter.RomanNumeralsConverterTest" time="0.001"/>
  <system-out><![CDATA[]]></system-out>
  <system-err><![CDATA[]]></system-err>
</testsuite>
